<?xml version="1.0" encoding="UTF-8"?>
<!-- Generated by org.testng.reporters.JUnitReportReporter -->
<testsuite hostname="Deepak" failures="0" tests="1" name="ecommerceshoping.Amazon" time="0.019" errors="0" timestamp="2023-08-06T14:10:03 IST" skipped="0">
  <testcase classname="ecommerceshoping.Amazon" name="amazon" time="0.019"/>
</testsuite> <!-- ecommerceshoping.Amazon -->
