<?xml version="1.0" encoding="UTF-8"?>
<!-- Generated by org.testng.reporters.JUnitReportReporter -->
<testsuite hostname="Deepak" failures="0" tests="1" name="ecommerceshoping.test3" time="0.021" errors="0" timestamp="2023-08-06T14:16:17 IST" skipped="0">
  <testcase classname="ecommerceshoping.test3" name="f1" time="0.021"/>
</testsuite> <!-- ecommerceshoping.test3 -->
