<?xml version="1.0" encoding="UTF-8"?>
<!-- Generated by org.testng.reporters.JUnitReportReporter -->
<testsuite hostname="Deepak" failures="0" tests="1" name="ecommerceshoping.test2" time="0.019" errors="0" timestamp="2023-08-06T14:14:20 IST" skipped="0">
  <testcase classname="ecommerceshoping.test2" name="s1" time="0.019"/>
</testsuite> <!-- ecommerceshoping.test2 -->
